Сборка начата 25.10.2023 1:33:54.
Уровень детализации журнала: Normal.     1>Проект "D:\VS\ОАиП\lab7\Project5\Project5.vcxproj" в узле 2 (целевые объекты Build).
     1>InitializeBuildStatus:
         Создание "x64\Debug\Project5.tlog\unsuccessfulbuild", так как было задано "AlwaysCreate".
         Обращение к "x64\Debug\Project5.tlog\unsuccessfulbuild".
       ClCompile:
         C:\Program Files\Microsoft Visual Studio\2022\Community\VC\Tools\MSVC\14.37.32822\bin\HostX64\x64\CL.exe /c /ZI /JMC /nologo /W3 /WX- /diagnostics:column /sdl /Od /D _DEBUG /D _CONSOLE /D _UNICODE /D UNICODE /Gm- /EHsc /RTC1 /MDd /GS /fp:precise /Zc:wchar_t /Zc:forScope /Zc:inline /permissive- /Fo"x64\Debug\\" /Fd"x64\Debug\vc143.pdb" /external:W3 /Gd /TP /FC /errorReport:prompt Source.cpp
         Source.cpp
     1>D:\VS\ОАиП\lab7\Project5\Source.cpp(3,1): warning C4326: возвращаемый тип "main" должен быть "int", а не "void"
       Link:
         C:\Program Files\Microsoft Visual Studio\2022\Community\VC\Tools\MSVC\14.37.32822\bin\HostX64\x64\link.exe /ERRORREPORT:PROMPT /OUT:"D:\VS\ОАиП\lab7\task5\x64\Debug\Project5.exe" /INCREMENTAL /ILK:"x64\Debug\Project5.ilk" /NOLOGO kernel32.lib user32.lib gdi32.lib winspool.lib comdlg32.lib advapi32.lib shell32.lib ole32.lib oleaut32.lib uuid.lib odbc32.lib odbccp32.lib /MANIFEST /MANIFESTUAC:"level='asInvoker' uiAccess='false'" /manifest:embed /DEBUG /PDB:"D:\VS\ОАиП\lab7\task5\x64\Debug\Project5.pdb" /SUBSYSTEM:CONSOLE /TLBID:1 /DYNAMICBASE /NXCOMPAT /IMPLIB:"D:\VS\ОАиП\lab7\task5\x64\Debug\Project5.lib" /MACHINE:X64 x64\Debug\Source.obj
         Project5.vcxproj -> D:\VS\ОАиП\lab7\task5\x64\Debug\Project5.exe
       FinalizeBuildStatus:
         Файл "x64\Debug\Project5.tlog\unsuccessfulbuild" удаляется.
         Обращение к "x64\Debug\Project5.tlog\Project5.lastbuildstate".
     1>Сборка проекта "D:\VS\ОАиП\lab7\Project5\Project5.vcxproj" завершена (целевые объекты Build).

Сборка успешно завершена.

       "D:\VS\ОАиП\lab7\Project5\Project5.vcxproj" (целевой объект Build ) (1) ->
       (Целевой объект ClCompile) -> 
         D:\VS\ОАиП\lab7\Project5\Source.cpp(3,1): warning C4326: возвращаемый тип "main" должен быть "int", а не "void"

    Предупреждений: 1
    Ошибок: 0

Прошло времени 00:00:00.37
