Сборка начата 23.10.2023 23:02:53.
Уровень детализации журнала: Normal.     1>Проект "D:\VS\ОАиП\lab6\lab6.2\lab6.2.vcxproj" в узле 2 (целевые объекты Build).
     1>InitializeBuildStatus:
         Создание "Debug\lab6.2.tlog\unsuccessfulbuild", так как было задано "AlwaysCreate".
         Обращение к "Debug\lab6.2.tlog\unsuccessfulbuild".
       ClCompile:
         C:\Program Files\Microsoft Visual Studio\2022\Community\VC\Tools\MSVC\14.37.32822\bin\HostX86\x86\CL.exe /c /ZI /JMC /nologo /W3 /WX- /diagnostics:column /sdl /Od /Oy- /D WIN32 /D _DEBUG /D _CONSOLE /D _UNICODE /D UNICODE /Gm- /EHsc /RTC1 /MDd /GS /fp:precise /Zc:wchar_t /Zc:forScope /Zc:inline /permissive- /Fo"Debug\\" /Fd"Debug\vc143.pdb" /external:W3 /Gd /TP /analyze- /FC /errorReport:prompt lab6.2.cpp
         lab6.2.cpp
     1>D:\VS\ОАиП\lab6\lab6.2\lab6.2.cpp(8,9): warning C4244: =: преобразование "double" в "float", возможна потеря данных
     1>D:\VS\ОАиП\lab6\lab6.2\lab6.2.cpp(12,9): warning C4244: =: преобразование "double" в "float", возможна потеря данных
       Link:
         C:\Program Files\Microsoft Visual Studio\2022\Community\VC\Tools\MSVC\14.37.32822\bin\HostX86\x86\link.exe /ERRORREPORT:PROMPT /OUT:"D:\VS\ОАиП\lab6\lab6.1\Debug\lab6.2.exe" /INCREMENTAL /ILK:"Debug\lab6.2.ilk" /NOLOGO kernel32.lib user32.lib gdi32.lib winspool.lib comdlg32.lib advapi32.lib shell32.lib ole32.lib oleaut32.lib uuid.lib odbc32.lib odbccp32.lib /MANIFEST /MANIFESTUAC:"level='asInvoker' uiAccess='false'" /manifest:embed /DEBUG /PDB:"D:\VS\ОАиП\lab6\lab6.1\Debug\lab6.2.pdb" /SUBSYSTEM:CONSOLE /TLBID:1 /DYNAMICBASE /NXCOMPAT /IMPLIB:"D:\VS\ОАиП\lab6\lab6.1\Debug\lab6.2.lib" /MACHINE:X86 Debug\lab6.2.obj
         lab6.2.vcxproj -> D:\VS\ОАиП\lab6\lab6.1\Debug\lab6.2.exe
       FinalizeBuildStatus:
         Файл "Debug\lab6.2.tlog\unsuccessfulbuild" удаляется.
         Обращение к "Debug\lab6.2.tlog\lab6.2.lastbuildstate".
     1>Сборка проекта "D:\VS\ОАиП\lab6\lab6.2\lab6.2.vcxproj" завершена (целевые объекты Build).

Сборка успешно завершена.

       "D:\VS\ОАиП\lab6\lab6.2\lab6.2.vcxproj" (целевой объект Build ) (1) ->
       (Целевой объект ClCompile) -> 
         D:\VS\ОАиП\lab6\lab6.2\lab6.2.cpp(8,9): warning C4244: =: преобразование "double" в "float", возможна потеря данных
         D:\VS\ОАиП\lab6\lab6.2\lab6.2.cpp(12,9): warning C4244: =: преобразование "double" в "float", возможна потеря данных

    Предупреждений: 2
    Ошибок: 0

Прошло времени 00:00:01.05
