Сборка начата 20.10.2023 23:38:55.
Уровень детализации журнала: Normal.     1>Проект "D:\VS\ОАиП\lab7\task1\task1.vcxproj" в узле 2 (целевые объекты Build).
     1>InitializeBuildStatus:
         Создание "x64\Release\task1.tlog\unsuccessfulbuild", так как было задано "AlwaysCreate".
         Обращение к "x64\Release\task1.tlog\unsuccessfulbuild".
       ClCompile:
         C:\Program Files\Microsoft Visual Studio\2022\Community\VC\Tools\MSVC\14.37.32822\bin\HostX64\x64\CL.exe /c /Zi /nologo /W3 /WX- /diagnostics:column /sdl /O2 /Oi /GL /D NDEBUG /D _CONSOLE /D _UNICODE /D UNICODE /Gm- /EHsc /MD /GS /Gy /fp:precise /Zc:wchar_t /Zc:forScope /Zc:inline /permissive- /Fo"x64\Release\\" /Fd"x64\Release\vc143.pdb" /external:W3 /Gd /TP /FC /errorReport:prompt task1.cpp
         task1.cpp
     1>D:\VS\ОАиП\lab7\task1\task1.cpp(1,10): warning C4067: непредвиденные лексемы за директивой препроцессора, требуется newline
     1>D:\VS\ОАиП\lab7\task1\task1.cpp(4,1): warning C4326: возвращаемый тип "main" должен быть "int", а не "void"
       Link:
         C:\Program Files\Microsoft Visual Studio\2022\Community\VC\Tools\MSVC\14.37.32822\bin\HostX64\x64\link.exe /ERRORREPORT:PROMPT /OUT:"D:\VS\ОАиП\lab7\task1\x64\Release\task1.exe" /NOLOGO kernel32.lib user32.lib gdi32.lib winspool.lib comdlg32.lib advapi32.lib shell32.lib ole32.lib oleaut32.lib uuid.lib odbc32.lib odbccp32.lib /MANIFEST /MANIFESTUAC:"level='asInvoker' uiAccess='false'" /manifest:embed /DEBUG /PDB:"D:\VS\ОАиП\lab7\task1\x64\Release\task1.pdb" /SUBSYSTEM:CONSOLE /OPT:REF /OPT:ICF /LTCG:incremental /LTCGOUT:"x64\Release\task1.iobj" /TLBID:1 /DYNAMICBASE /NXCOMPAT /IMPLIB:"D:\VS\ОАиП\lab7\task1\x64\Release\task1.lib" /MACHINE:X64 x64\Release\task1.obj
         Создание кода
         Previous IPDB and IOBJ mismatch, fall back to full compilation.
         All 4 functions were compiled because no usable IPDB/IOBJ from previous compilation was found.
         Создание кода завершено
         task1.vcxproj -> D:\VS\ОАиП\lab7\task1\x64\Release\task1.exe
       FinalizeBuildStatus:
         Файл "x64\Release\task1.tlog\unsuccessfulbuild" удаляется.
         Обращение к "x64\Release\task1.tlog\task1.lastbuildstate".
     1>Сборка проекта "D:\VS\ОАиП\lab7\task1\task1.vcxproj" завершена (целевые объекты Build).

Сборка успешно завершена.

       "D:\VS\ОАиП\lab7\task1\task1.vcxproj" (целевой объект Build ) (1) ->
       (Целевой объект ClCompile) -> 
         D:\VS\ОАиП\lab7\task1\task1.cpp(1,10): warning C4067: непредвиденные лексемы за директивой препроцессора, требуется newline
         D:\VS\ОАиП\lab7\task1\task1.cpp(4,1): warning C4326: возвращаемый тип "main" должен быть "int", а не "void"

    Предупреждений: 2
    Ошибок: 0

Прошло времени 00:00:00.58
