Сборка начата 28.09.2023 18:50:29.
Уровень детализации журнала: Normal.     1>Проект "D:\VS\ОАиП\lab5\lab5.vcxproj" в узле 2 (целевые объекты Build).
     1>InitializeBuildStatus:
         Обращение к "x64\Debug\lab5.tlog\unsuccessfulbuild".
       ClCompile:
         Для всех выходных данных обновления не требуется.
       Link:
         C:\Program Files\Microsoft Visual Studio\2022\Community\VC\Tools\MSVC\14.37.32822\bin\HostX64\x64\link.exe /ERRORREPORT:PROMPT /OUT:"D:\VS\ОАиП\lab5\x64\Debug\lab5.exe" /INCREMENTAL /ILK:"x64\Debug\lab5.ilk" /NOLOGO kernel32.lib user32.lib gdi32.lib winspool.lib comdlg32.lib advapi32.lib shell32.lib ole32.lib oleaut32.lib uuid.lib odbc32.lib odbccp32.lib /MANIFEST /MANIFESTUAC:"level='asInvoker' uiAccess='false'" /manifest:embed /DEBUG /PDB:"D:\VS\ОАиП\lab5\x64\Debug\lab5.pdb" /SUBSYSTEM:CONSOLE /TLBID:1 /DYNAMICBASE /NXCOMPAT /IMPLIB:"D:\VS\ОАиП\lab5\x64\Debug\lab5.lib" /MACHINE:X64 x64\Debug\task1.obj
         x64\Debug\task2.obj
     1>task2.obj : error LNK2005: main уже определен в task1.obj
     1>D:\VS\ОАиП\lab5\x64\Debug\lab5.exe : fatal error LNK1169: обнаружен многократно определенный символ - один или более
     1>Сборка проекта "D:\VS\ОАиП\lab5\lab5.vcxproj" завершена (целевые объекты Build) с ошибкой.

Ошибка сборки.

       "D:\VS\ОАиП\lab5\lab5.vcxproj" (целевой объект Build ) (1) ->
       (Целевой объект Link) -> 
         task2.obj : error LNK2005: main уже определен в task1.obj
         D:\VS\ОАиП\lab5\x64\Debug\lab5.exe : fatal error LNK1169: обнаружен многократно определенный символ - один или более

    Предупреждений: 0
    Ошибок: 2

Прошло времени 00:00:00.16
