Сборка начата 23.10.2023 23:58:36.
Уровень детализации журнала: Normal.     1>Проект "D:\VS\ОАиП\lab7\task1\task1.vcxproj" в узле 2 (целевые объекты Build).
     1>PrepareForBuild:
         Создание каталога "Debug\task1.tlog\".
       InitializeBuildStatus:
         Создание "Debug\task1.tlog\unsuccessfulbuild", так как было задано "AlwaysCreate".
         Обращение к "Debug\task1.tlog\unsuccessfulbuild".
       ClCompile:
         C:\Program Files\Microsoft Visual Studio\2022\Community\VC\Tools\MSVC\14.37.32822\bin\HostX86\x86\CL.exe /c /ZI /JMC /nologo /W3 /WX- /diagnostics:column /sdl /Od /Oy- /D WIN32 /D _DEBUG /D _CONSOLE /D _UNICODE /D UNICODE /Gm- /EHsc /RTC1 /MDd /GS /fp:precise /Zc:wchar_t /Zc:forScope /Zc:inline /permissive- /Fo"Debug\\" /Fd"Debug\vc143.pdb" /external:W3 /Gd /TP /analyze- /FC /errorReport:prompt task1.cpp
         task1.cpp
     1>D:\VS\ОАиП\lab7\task1\task1.cpp(1,10): warning C4067: непредвиденные лексемы за директивой препроцессора, требуется newline
     1>D:\VS\ОАиП\lab7\task1\task1.cpp(4,1): warning C4326: возвращаемый тип "main" должен быть "int", а не "void"
       Link:
         C:\Program Files\Microsoft Visual Studio\2022\Community\VC\Tools\MSVC\14.37.32822\bin\HostX86\x86\link.exe /ERRORREPORT:PROMPT /OUT:"D:\VS\ОАиП\lab7\task1\Debug\task1.exe" /INCREMENTAL /ILK:"Debug\task1.ilk" /NOLOGO kernel32.lib user32.lib gdi32.lib winspool.lib comdlg32.lib advapi32.lib shell32.lib ole32.lib oleaut32.lib uuid.lib odbc32.lib odbccp32.lib /MANIFEST /MANIFESTUAC:"level='asInvoker' uiAccess='false'" /manifest:embed /DEBUG /PDB:"D:\VS\ОАиП\lab7\task1\Debug\task1.pdb" /SUBSYSTEM:CONSOLE /TLBID:1 /DYNAMICBASE /NXCOMPAT /IMPLIB:"D:\VS\ОАиП\lab7\task1\Debug\task1.lib" /MACHINE:X86 Debug\task1.obj
         task1.vcxproj -> D:\VS\ОАиП\lab7\task1\Debug\task1.exe
       FinalizeBuildStatus:
         Файл "Debug\task1.tlog\unsuccessfulbuild" удаляется.
         Обращение к "Debug\task1.tlog\task1.lastbuildstate".
     1>Сборка проекта "D:\VS\ОАиП\lab7\task1\task1.vcxproj" завершена (целевые объекты Build).

Сборка успешно завершена.

       "D:\VS\ОАиП\lab7\task1\task1.vcxproj" (целевой объект Build ) (1) ->
       (Целевой объект ClCompile) -> 
         D:\VS\ОАиП\lab7\task1\task1.cpp(1,10): warning C4067: непредвиденные лексемы за директивой препроцессора, требуется newline
         D:\VS\ОАиП\lab7\task1\task1.cpp(4,1): warning C4326: возвращаемый тип "main" должен быть "int", а не "void"

    Предупреждений: 2
    Ошибок: 0

Прошло времени 00:00:00.88
